2024-05-25 08:55:58,434 [1] INFO  Info - FetchEmailsJob task was added to scheduler job group FetchEmails.
2024-05-25 08:57:57,968 [.NET ThreadPool Worker] INFO  LogInfo - [ListenerServiceFailJob] started.
2024-05-25 08:57:58,009 [.NET ThreadPool Worker] DEBUG  DebugFormat - [ListenerServiceFailJob] dependencies initiated.
2024-05-25 08:57:58,009 [.NET ThreadPool Worker] DEBUG  DebugFormat - GetMailboxesWithoutSubscriptions method started
2024-05-25 08:57:58,009 [.NET ThreadPool Worker] INFO  Execute - FetchEmailsJob started.
2024-05-25 08:57:58,016 [.NET ThreadPool Worker] INFO  CanUseEmailSyncQueue - Feature UseEmailSyncQueue disabled, emails tasks DB storage skipped.
2024-05-25 08:57:58,016 [.NET ThreadPool Worker] INFO  Execute - FetchEmailsJob ended.
2024-05-25 08:57:58,067 [.NET ThreadPool Worker] DEBUG  DebugFormat - GetAllSynchronizableMailboxes ended
2024-05-25 08:57:58,067 [.NET ThreadPool Worker] INFO  LogInfo - GetMailboxesWithoutSubscriptions: selected 0 mailboxes
2024-05-25 08:57:58,067 [.NET ThreadPool Worker] DEBUG  DebugFormat - GetMailboxesWithoutSubscriptions method ended
2024-05-25 08:57:58,067 [.NET ThreadPool Worker] INFO  LogInfo - [ListenerServiceFailJob] 0 accounts received for enabling synchronization.
2024-05-25 08:57:58,067 [.NET ThreadPool Worker] DEBUG  DebugFormat - StartFailoverHandlers started
2024-05-25 08:57:58,067 [.NET ThreadPool Worker] DEBUG  DebugFormat - All jobs from ExchangeListenerHandler job group deleted.
2024-05-25 08:57:58,067 [.NET ThreadPool Worker] DEBUG  DebugFormat - StartFailoverHandlers ended
2024-05-25 08:57:58,067 [.NET ThreadPool Worker] INFO  LogInfo - [ListenerServiceFailJob] Synchronization of 0 accounts is enabled.
2024-05-25 08:57:58,099 [.NET ThreadPool Worker] DEBUG  DebugFormat - GetAllSynchronizableMailboxes ended
2024-05-25 08:57:58,099 [.NET ThreadPool Worker] INFO  LogInfo - [ListenerServiceFailJob] ended.
2024-05-25 08:57:58,730 [.NET ThreadPool Worker] INFO  LogInfo - [ListenerServiceFailJob] started.
2024-05-25 08:57:58,734 [.NET ThreadPool Worker] DEBUG  DebugFormat - [ListenerServiceFailJob] dependencies initiated.
2024-05-25 08:57:58,734 [.NET ThreadPool Worker] DEBUG  DebugFormat - GetMailboxesWithoutSubscriptions method started
2024-05-25 08:57:58,748 [.NET ThreadPool Worker] DEBUG  DebugFormat - GetAllSynchronizableMailboxes ended
2024-05-25 08:57:58,748 [.NET ThreadPool Worker] INFO  LogInfo - GetMailboxesWithoutSubscriptions: selected 0 mailboxes
2024-05-25 08:57:58,748 [.NET ThreadPool Worker] DEBUG  DebugFormat - GetMailboxesWithoutSubscriptions method ended
2024-05-25 08:57:58,748 [.NET ThreadPool Worker] INFO  LogInfo - [ListenerServiceFailJob] 0 accounts received for enabling synchronization.
2024-05-25 08:57:58,748 [.NET ThreadPool Worker] DEBUG  DebugFormat - StartFailoverHandlers started
2024-05-25 08:57:58,748 [.NET ThreadPool Worker] DEBUG  DebugFormat - All jobs from ExchangeListenerHandler job group deleted.
2024-05-25 08:57:58,748 [.NET ThreadPool Worker] DEBUG  DebugFormat - StartFailoverHandlers ended
2024-05-25 08:57:58,748 [.NET ThreadPool Worker] INFO  LogInfo - [ListenerServiceFailJob] Synchronization of 0 accounts is enabled.
2024-05-25 08:57:58,768 [.NET ThreadPool Worker] DEBUG  DebugFormat - GetAllSynchronizableMailboxes ended
2024-05-25 08:57:58,768 [.NET ThreadPool Worker] INFO  LogInfo - [ListenerServiceFailJob] ended.
2024-05-25 08:58:05,639 [.NET ThreadPool Worker] INFO  LogInfo - [ListenerServiceFailJob] started.
2024-05-25 08:58:05,655 [.NET ThreadPool Worker] DEBUG  DebugFormat - [ListenerServiceFailJob] dependencies initiated.
2024-05-25 08:58:05,655 [.NET ThreadPool Worker] DEBUG  DebugFormat - GetMailboxesWithoutSubscriptions method started
2024-05-25 08:58:05,750 [.NET ThreadPool Worker] DEBUG  DebugFormat - GetAllSynchronizableMailboxes ended
2024-05-25 08:58:05,750 [.NET ThreadPool Worker] INFO  LogInfo - GetMailboxesWithoutSubscriptions: selected 0 mailboxes
2024-05-25 08:58:05,750 [.NET ThreadPool Worker] DEBUG  DebugFormat - GetMailboxesWithoutSubscriptions method ended
2024-05-25 08:58:05,750 [.NET ThreadPool Worker] INFO  LogInfo - [ListenerServiceFailJob] 0 accounts received for enabling synchronization.
2024-05-25 08:58:05,750 [.NET ThreadPool Worker] DEBUG  DebugFormat - StartFailoverHandlers started
2024-05-25 08:58:05,833 [.NET ThreadPool Worker] DEBUG  DebugFormat - All jobs from ExchangeListenerHandler job group deleted.
2024-05-25 08:58:05,833 [.NET ThreadPool Worker] DEBUG  DebugFormat - StartFailoverHandlers ended
2024-05-25 08:58:05,833 [.NET ThreadPool Worker] INFO  LogInfo - [ListenerServiceFailJob] Synchronization of 0 accounts is enabled.
2024-05-25 08:58:06,265 [.NET ThreadPool Worker] DEBUG  DebugFormat - GetAllSynchronizableMailboxes ended
2024-05-25 08:58:06,265 [.NET ThreadPool Worker] INFO  LogInfo - [ListenerServiceFailJob] ended.
2024-05-25 08:58:58,408 [.NET ThreadPool Worker] INFO  LogInfo - [ListenerServiceFailJob] started.
2024-05-25 08:58:58,408 [.NET ThreadPool Worker] DEBUG  DebugFormat - [ListenerServiceFailJob] dependencies initiated.
2024-05-25 08:58:58,408 [.NET ThreadPool Worker] DEBUG  DebugFormat - GetMailboxesWithoutSubscriptions method started
2024-05-25 08:58:58,422 [.NET ThreadPool Worker] DEBUG  DebugFormat - GetAllSynchronizableMailboxes ended
2024-05-25 08:58:58,422 [.NET ThreadPool Worker] INFO  LogInfo - GetMailboxesWithoutSubscriptions: selected 0 mailboxes
2024-05-25 08:58:58,422 [.NET ThreadPool Worker] DEBUG  DebugFormat - GetMailboxesWithoutSubscriptions method ended
2024-05-25 08:58:58,422 [.NET ThreadPool Worker] INFO  LogInfo - [ListenerServiceFailJob] 0 accounts received for enabling synchronization.
2024-05-25 08:58:58,422 [.NET ThreadPool Worker] DEBUG  DebugFormat - StartFailoverHandlers started
2024-05-25 08:58:58,422 [.NET ThreadPool Worker] DEBUG  DebugFormat - All jobs from ExchangeListenerHandler job group deleted.
2024-05-25 08:58:58,422 [.NET ThreadPool Worker] DEBUG  DebugFormat - StartFailoverHandlers ended
2024-05-25 08:58:58,422 [.NET ThreadPool Worker] INFO  LogInfo - [ListenerServiceFailJob] Synchronization of 0 accounts is enabled.
2024-05-25 08:58:58,435 [.NET ThreadPool Worker] DEBUG  DebugFormat - GetAllSynchronizableMailboxes ended
2024-05-25 08:58:58,435 [.NET ThreadPool Worker] INFO  LogInfo - [ListenerServiceFailJob] ended.
2024-05-25 08:59:58,410 [.NET ThreadPool Worker] INFO  LogInfo - [ListenerServiceFailJob] started.
2024-05-25 08:59:58,410 [.NET ThreadPool Worker] DEBUG  DebugFormat - [ListenerServiceFailJob] dependencies initiated.
2024-05-25 08:59:58,410 [.NET ThreadPool Worker] DEBUG  DebugFormat - GetMailboxesWithoutSubscriptions method started
2024-05-25 08:59:58,425 [.NET ThreadPool Worker] DEBUG  DebugFormat - GetAllSynchronizableMailboxes ended
2024-05-25 08:59:58,425 [.NET ThreadPool Worker] INFO  LogInfo - GetMailboxesWithoutSubscriptions: selected 0 mailboxes
2024-05-25 08:59:58,425 [.NET ThreadPool Worker] DEBUG  DebugFormat - GetMailboxesWithoutSubscriptions method ended
2024-05-25 08:59:58,425 [.NET ThreadPool Worker] INFO  LogInfo - [ListenerServiceFailJob] 0 accounts received for enabling synchronization.
2024-05-25 08:59:58,425 [.NET ThreadPool Worker] DEBUG  DebugFormat - StartFailoverHandlers started
2024-05-25 08:59:58,425 [.NET ThreadPool Worker] DEBUG  LogDebug - All jobs from ExchangeListenerHandler job group deleted.
2024-05-25 08:59:58,425 [.NET ThreadPool Worker] DEBUG  LogDebug - StartFailoverHandlers ended
2024-05-25 08:59:58,425 [.NET ThreadPool Worker] INFO  LogInfo - [ListenerServiceFailJob] Synchronization of 0 accounts is enabled.
2024-05-25 08:59:58,438 [.NET ThreadPool Worker] DEBUG  LogDebug - GetAllSynchronizableMailboxes ended
2024-05-25 08:59:58,438 [.NET ThreadPool Worker] INFO  LogInfo - [ListenerServiceFailJob] ended.
2024-05-25 09:01:06,239 [1] INFO  Info - FetchEmailsJob task was added to scheduler job group FetchEmails.
2024-05-25 09:01:10,134 [1] WARN  Warn - Job group FetchEmails has running jobs, new job will not be created.
2024-05-25 09:03:04,079 [.NET ThreadPool Worker] INFO  LogInfo - [ListenerServiceFailJob] started.
2024-05-25 09:03:04,079 [.NET ThreadPool Worker] DEBUG  DebugFormat - [ListenerServiceFailJob] dependencies initiated.
2024-05-25 09:03:04,092 [.NET ThreadPool Worker] DEBUG  DebugFormat - GetMailboxesWithoutSubscriptions method started
2024-05-25 09:03:04,139 [.NET ThreadPool Worker] DEBUG  DebugFormat - GetAllSynchronizableMailboxes ended
2024-05-25 09:03:04,139 [.NET ThreadPool Worker] INFO  LogInfo - GetMailboxesWithoutSubscriptions: selected 0 mailboxes
2024-05-25 09:03:04,139 [.NET ThreadPool Worker] DEBUG  DebugFormat - GetMailboxesWithoutSubscriptions method ended
2024-05-25 09:03:04,139 [.NET ThreadPool Worker] INFO  LogInfo - [ListenerServiceFailJob] 0 accounts received for enabling synchronization.
2024-05-25 09:03:04,139 [.NET ThreadPool Worker] DEBUG  DebugFormat - StartFailoverHandlers started
2024-05-25 09:03:04,139 [.NET ThreadPool Worker] DEBUG  DebugFormat - All jobs from ExchangeListenerHandler job group deleted.
2024-05-25 09:03:04,139 [.NET ThreadPool Worker] DEBUG  DebugFormat - StartFailoverHandlers ended
2024-05-25 09:03:04,139 [.NET ThreadPool Worker] INFO  LogInfo - [ListenerServiceFailJob] Synchronization of 0 accounts is enabled.
2024-05-25 09:03:04,159 [.NET ThreadPool Worker] DEBUG  DebugFormat - GetAllSynchronizableMailboxes ended
2024-05-25 09:03:04,159 [.NET ThreadPool Worker] INFO  LogInfo - [ListenerServiceFailJob] ended.
2024-05-25 09:03:04,189 [.NET ThreadPool Worker] INFO  Execute - FetchEmailsJob started.
2024-05-25 09:03:04,189 [.NET ThreadPool Worker] INFO  CanUseEmailSyncQueue - Feature UseEmailSyncQueue disabled, emails tasks DB storage skipped.
2024-05-25 09:03:04,189 [.NET ThreadPool Worker] INFO  Execute - FetchEmailsJob ended.
2024-05-25 09:03:05,663 [.NET ThreadPool Worker] INFO  LogInfo - [ListenerServiceFailJob] started.
2024-05-25 09:03:05,663 [.NET ThreadPool Worker] DEBUG  DebugFormat - [ListenerServiceFailJob] dependencies initiated.
2024-05-25 09:03:05,663 [.NET ThreadPool Worker] DEBUG  DebugFormat - GetMailboxesWithoutSubscriptions method started
2024-05-25 09:03:05,680 [.NET ThreadPool Worker] DEBUG  DebugFormat - GetAllSynchronizableMailboxes ended
2024-05-25 09:03:05,680 [.NET ThreadPool Worker] INFO  LogInfo - GetMailboxesWithoutSubscriptions: selected 0 mailboxes
2024-05-25 09:03:05,680 [.NET ThreadPool Worker] DEBUG  DebugFormat - GetMailboxesWithoutSubscriptions method ended
2024-05-25 09:03:05,680 [.NET ThreadPool Worker] INFO  LogInfo - [ListenerServiceFailJob] 0 accounts received for enabling synchronization.
2024-05-25 09:03:05,680 [.NET ThreadPool Worker] DEBUG  DebugFormat - StartFailoverHandlers started
2024-05-25 09:03:05,692 [.NET ThreadPool Worker] DEBUG  DebugFormat - All jobs from ExchangeListenerHandler job group deleted.
2024-05-25 09:03:05,692 [.NET ThreadPool Worker] DEBUG  DebugFormat - StartFailoverHandlers ended
2024-05-25 09:03:05,692 [.NET ThreadPool Worker] INFO  LogInfo - [ListenerServiceFailJob] Synchronization of 0 accounts is enabled.
2024-05-25 09:03:05,709 [.NET ThreadPool Worker] DEBUG  DebugFormat - GetAllSynchronizableMailboxes ended
2024-05-25 09:03:05,709 [.NET ThreadPool Worker] INFO  LogInfo - [ListenerServiceFailJob] ended.
2024-05-25 09:03:05,941 [.NET ThreadPool Worker] INFO  LogInfo - [ListenerServiceFailJob] started.
2024-05-25 09:03:05,941 [.NET ThreadPool Worker] DEBUG  DebugFormat - [ListenerServiceFailJob] dependencies initiated.
2024-05-25 09:03:05,941 [.NET ThreadPool Worker] DEBUG  DebugFormat - GetMailboxesWithoutSubscriptions method started
2024-05-25 09:03:05,963 [.NET ThreadPool Worker] DEBUG  DebugFormat - GetAllSynchronizableMailboxes ended
2024-05-25 09:03:05,963 [.NET ThreadPool Worker] INFO  LogInfo - GetMailboxesWithoutSubscriptions: selected 0 mailboxes
2024-05-25 09:03:05,963 [.NET ThreadPool Worker] DEBUG  DebugFormat - GetMailboxesWithoutSubscriptions method ended
2024-05-25 09:03:05,963 [.NET ThreadPool Worker] INFO  LogInfo - [ListenerServiceFailJob] 0 accounts received for enabling synchronization.
2024-05-25 09:03:05,963 [.NET ThreadPool Worker] DEBUG  DebugFormat - StartFailoverHandlers started
2024-05-25 09:03:05,971 [.NET ThreadPool Worker] DEBUG  DebugFormat - All jobs from ExchangeListenerHandler job group deleted.
2024-05-25 09:03:05,971 [.NET ThreadPool Worker] DEBUG  DebugFormat - StartFailoverHandlers ended
2024-05-25 09:03:05,971 [.NET ThreadPool Worker] INFO  LogInfo - [ListenerServiceFailJob] Synchronization of 0 accounts is enabled.
2024-05-25 09:03:05,984 [.NET ThreadPool Worker] DEBUG  DebugFormat - GetAllSynchronizableMailboxes ended
2024-05-25 09:03:05,984 [.NET ThreadPool Worker] INFO  LogInfo - [ListenerServiceFailJob] ended.
2024-05-25 09:03:58,427 [.NET ThreadPool Worker] INFO  LogInfo - [ListenerServiceFailJob] started.
2024-05-25 09:03:58,427 [.NET ThreadPool Worker] DEBUG  DebugFormat - [ListenerServiceFailJob] dependencies initiated.
2024-05-25 09:03:58,427 [.NET ThreadPool Worker] DEBUG  DebugFormat - GetMailboxesWithoutSubscriptions method started
2024-05-25 09:03:58,720 [.NET ThreadPool Worker] DEBUG  DebugFormat - GetAllSynchronizableMailboxes ended
2024-05-25 09:03:58,720 [.NET ThreadPool Worker] INFO  LogInfo - GetMailboxesWithoutSubscriptions: selected 0 mailboxes
2024-05-25 09:03:58,720 [.NET ThreadPool Worker] DEBUG  DebugFormat - GetMailboxesWithoutSubscriptions method ended
2024-05-25 09:03:58,720 [.NET ThreadPool Worker] INFO  LogInfo - [ListenerServiceFailJob] 0 accounts received for enabling synchronization.
2024-05-25 09:03:58,720 [.NET ThreadPool Worker] DEBUG  DebugFormat - StartFailoverHandlers started
2024-05-25 09:03:58,921 [.NET ThreadPool Worker] DEBUG  LogDebug - All jobs from ExchangeListenerHandler job group deleted.
2024-05-25 09:03:58,921 [.NET ThreadPool Worker] DEBUG  LogDebug - StartFailoverHandlers ended
2024-05-25 09:03:58,921 [.NET ThreadPool Worker] INFO  LogInfo - [ListenerServiceFailJob] Synchronization of 0 accounts is enabled.
2024-05-25 09:03:59,011 [.NET ThreadPool Worker] DEBUG  LogDebug - GetAllSynchronizableMailboxes ended
2024-05-25 09:03:59,011 [.NET ThreadPool Worker] INFO  LogInfo - [ListenerServiceFailJob] ended.
2024-05-25 09:04:59,558 [.NET ThreadPool Worker] INFO  LogInfo - [ListenerServiceFailJob] started.
2024-05-25 09:04:59,558 [.NET ThreadPool Worker] DEBUG  LogDebug - [ListenerServiceFailJob] dependencies initiated.
2024-05-25 09:04:59,558 [.NET ThreadPool Worker] DEBUG  LogDebug - GetMailboxesWithoutSubscriptions method started
2024-05-25 09:04:59,582 [.NET ThreadPool Worker] DEBUG  LogDebug - GetAllSynchronizableMailboxes ended
2024-05-25 09:04:59,582 [.NET ThreadPool Worker] INFO  LogInfo - GetMailboxesWithoutSubscriptions: selected 0 mailboxes
2024-05-25 09:04:59,582 [.NET ThreadPool Worker] DEBUG  LogDebug - GetMailboxesWithoutSubscriptions method ended
2024-05-25 09:04:59,582 [.NET ThreadPool Worker] INFO  LogInfo - [ListenerServiceFailJob] 0 accounts received for enabling synchronization.
2024-05-25 09:04:59,582 [.NET ThreadPool Worker] DEBUG  LogDebug - StartFailoverHandlers started
2024-05-25 09:04:59,582 [.NET ThreadPool Worker] DEBUG  LogDebug - All jobs from ExchangeListenerHandler job group deleted.
2024-05-25 09:04:59,582 [.NET ThreadPool Worker] DEBUG  LogDebug - StartFailoverHandlers ended
2024-05-25 09:04:59,582 [.NET ThreadPool Worker] INFO  LogInfo - [ListenerServiceFailJob] Synchronization of 0 accounts is enabled.
2024-05-25 09:04:59,602 [.NET ThreadPool Worker] DEBUG  LogDebug - GetAllSynchronizableMailboxes ended
2024-05-25 09:04:59,602 [.NET ThreadPool Worker] INFO  LogInfo - [ListenerServiceFailJob] ended.
2024-05-25 09:05:58,453 [.NET ThreadPool Worker] INFO  Info - [ListenerServiceFailJob] started.
2024-05-25 09:05:58,453 [.NET ThreadPool Worker] DEBUG  DebugFormat - [ListenerServiceFailJob] dependencies initiated.
2024-05-25 09:05:58,453 [.NET ThreadPool Worker] DEBUG  DebugFormat - GetMailboxesWithoutSubscriptions method started
2024-05-25 09:05:58,600 [.NET ThreadPool Worker] DEBUG  DebugFormat - GetAllSynchronizableMailboxes ended
2024-05-25 09:05:58,600 [.NET ThreadPool Worker] INFO  Info - GetMailboxesWithoutSubscriptions: selected 0 mailboxes
2024-05-25 09:05:58,600 [.NET ThreadPool Worker] DEBUG  DebugFormat - GetMailboxesWithoutSubscriptions method ended
2024-05-25 09:05:58,600 [.NET ThreadPool Worker] INFO  Info - [ListenerServiceFailJob] 0 accounts received for enabling synchronization.
2024-05-25 09:05:58,600 [.NET ThreadPool Worker] DEBUG  DebugFormat - StartFailoverHandlers started
2024-05-25 09:05:58,627 [.NET ThreadPool Worker] DEBUG  DebugFormat - All jobs from ExchangeListenerHandler job group deleted.
2024-05-25 09:05:58,627 [.NET ThreadPool Worker] DEBUG  DebugFormat - StartFailoverHandlers ended
2024-05-25 09:05:58,627 [.NET ThreadPool Worker] INFO  Info - [ListenerServiceFailJob] Synchronization of 0 accounts is enabled.
2024-05-25 09:05:58,776 [.NET ThreadPool Worker] DEBUG  DebugFormat - GetAllSynchronizableMailboxes ended
2024-05-25 09:05:58,776 [.NET ThreadPool Worker] INFO  Info - [ListenerServiceFailJob] ended.
2024-05-25 09:06:58,405 [.NET ThreadPool Worker] INFO  LogInfo - [ListenerServiceFailJob] started.
2024-05-25 09:06:58,405 [.NET ThreadPool Worker] DEBUG  DebugFormat - [ListenerServiceFailJob] dependencies initiated.
2024-05-25 09:06:58,405 [.NET ThreadPool Worker] DEBUG  DebugFormat - GetMailboxesWithoutSubscriptions method started
2024-05-25 09:06:58,420 [.NET ThreadPool Worker] DEBUG  DebugFormat - GetAllSynchronizableMailboxes ended
2024-05-25 09:06:58,420 [.NET ThreadPool Worker] INFO  LogInfo - GetMailboxesWithoutSubscriptions: selected 0 mailboxes
2024-05-25 09:06:58,420 [.NET ThreadPool Worker] DEBUG  DebugFormat - GetMailboxesWithoutSubscriptions method ended
2024-05-25 09:06:58,420 [.NET ThreadPool Worker] INFO  LogInfo - [ListenerServiceFailJob] 0 accounts received for enabling synchronization.
2024-05-25 09:06:58,420 [.NET ThreadPool Worker] DEBUG  DebugFormat - StartFailoverHandlers started
2024-05-25 09:06:58,420 [.NET ThreadPool Worker] DEBUG  DebugFormat - All jobs from ExchangeListenerHandler job group deleted.
2024-05-25 09:06:58,420 [.NET ThreadPool Worker] DEBUG  DebugFormat - StartFailoverHandlers ended
2024-05-25 09:06:58,420 [.NET ThreadPool Worker] INFO  LogInfo - [ListenerServiceFailJob] Synchronization of 0 accounts is enabled.
2024-05-25 09:06:58,436 [.NET ThreadPool Worker] DEBUG  DebugFormat - GetAllSynchronizableMailboxes ended
2024-05-25 09:06:58,436 [.NET ThreadPool Worker] INFO  LogInfo - [ListenerServiceFailJob] ended.
2024-05-25 09:07:58,407 [.NET ThreadPool Worker] INFO  LogInfo - [ListenerServiceFailJob] started.
2024-05-25 09:07:58,407 [.NET ThreadPool Worker] DEBUG  DebugFormat - [ListenerServiceFailJob] dependencies initiated.
2024-05-25 09:07:58,407 [.NET ThreadPool Worker] DEBUG  DebugFormat - GetMailboxesWithoutSubscriptions method started
2024-05-25 09:07:58,428 [.NET ThreadPool Worker] DEBUG  DebugFormat - GetAllSynchronizableMailboxes ended
2024-05-25 09:07:58,428 [.NET ThreadPool Worker] INFO  LogInfo - GetMailboxesWithoutSubscriptions: selected 0 mailboxes
2024-05-25 09:07:58,428 [.NET ThreadPool Worker] DEBUG  DebugFormat - GetMailboxesWithoutSubscriptions method ended
2024-05-25 09:07:58,428 [.NET ThreadPool Worker] INFO  LogInfo - [ListenerServiceFailJob] 0 accounts received for enabling synchronization.
2024-05-25 09:07:58,428 [.NET ThreadPool Worker] DEBUG  DebugFormat - StartFailoverHandlers started
2024-05-25 09:07:58,428 [.NET ThreadPool Worker] DEBUG  DebugFormat - All jobs from ExchangeListenerHandler job group deleted.
2024-05-25 09:07:58,428 [.NET ThreadPool Worker] DEBUG  DebugFormat - StartFailoverHandlers ended
2024-05-25 09:07:58,428 [.NET ThreadPool Worker] INFO  LogInfo - [ListenerServiceFailJob] Synchronization of 0 accounts is enabled.
2024-05-25 09:07:58,442 [.NET ThreadPool Worker] DEBUG  DebugFormat - GetAllSynchronizableMailboxes ended
2024-05-25 09:07:58,442 [.NET ThreadPool Worker] INFO  LogInfo - [ListenerServiceFailJob] ended.
2024-05-25 09:08:58,769 [.NET ThreadPool Worker] INFO  LogInfo - [ListenerServiceFailJob] started.
2024-05-25 09:08:58,797 [.NET ThreadPool Worker] DEBUG  DebugFormat - [ListenerServiceFailJob] dependencies initiated.
2024-05-25 09:08:58,797 [.NET ThreadPool Worker] DEBUG  DebugFormat - GetMailboxesWithoutSubscriptions method started
2024-05-25 09:08:58,942 [.NET ThreadPool Worker] DEBUG  LogDebug - GetAllSynchronizableMailboxes ended
2024-05-25 09:08:58,942 [.NET ThreadPool Worker] INFO  LogInfo - GetMailboxesWithoutSubscriptions: selected 0 mailboxes
2024-05-25 09:08:58,942 [.NET ThreadPool Worker] DEBUG  LogDebug - GetMailboxesWithoutSubscriptions method ended
2024-05-25 09:08:58,942 [.NET ThreadPool Worker] INFO  LogInfo - [ListenerServiceFailJob] 0 accounts received for enabling synchronization.
2024-05-25 09:08:58,942 [.NET ThreadPool Worker] DEBUG  LogDebug - StartFailoverHandlers started
2024-05-25 09:08:58,961 [.NET ThreadPool Worker] DEBUG  LogDebug - All jobs from ExchangeListenerHandler job group deleted.
2024-05-25 09:08:58,961 [.NET ThreadPool Worker] DEBUG  LogDebug - StartFailoverHandlers ended
2024-05-25 09:08:58,961 [.NET ThreadPool Worker] INFO  LogInfo - [ListenerServiceFailJob] Synchronization of 0 accounts is enabled.
2024-05-25 09:08:59,011 [.NET ThreadPool Worker] DEBUG  LogDebug - GetAllSynchronizableMailboxes ended
2024-05-25 09:08:59,011 [.NET ThreadPool Worker] INFO  LogInfo - [ListenerServiceFailJob] ended.
2024-05-25 09:09:58,407 [.NET ThreadPool Worker] INFO  LogInfo - [ListenerServiceFailJob] started.
2024-05-25 09:09:58,407 [.NET ThreadPool Worker] DEBUG  LogDebug - [ListenerServiceFailJob] dependencies initiated.
2024-05-25 09:09:58,407 [.NET ThreadPool Worker] DEBUG  LogDebug - GetMailboxesWithoutSubscriptions method started
2024-05-25 09:09:58,422 [.NET ThreadPool Worker] DEBUG  LogDebug - GetAllSynchronizableMailboxes ended
2024-05-25 09:09:58,422 [.NET ThreadPool Worker] INFO  LogInfo - GetMailboxesWithoutSubscriptions: selected 0 mailboxes
2024-05-25 09:09:58,422 [.NET ThreadPool Worker] DEBUG  LogDebug - GetMailboxesWithoutSubscriptions method ended
2024-05-25 09:09:58,422 [.NET ThreadPool Worker] INFO  LogInfo - [ListenerServiceFailJob] 0 accounts received for enabling synchronization.
2024-05-25 09:09:58,422 [.NET ThreadPool Worker] DEBUG  LogDebug - StartFailoverHandlers started
2024-05-25 09:09:58,422 [.NET ThreadPool Worker] DEBUG  LogDebug - All jobs from ExchangeListenerHandler job group deleted.
2024-05-25 09:09:58,422 [.NET ThreadPool Worker] DEBUG  LogDebug - StartFailoverHandlers ended
2024-05-25 09:09:58,422 [.NET ThreadPool Worker] INFO  LogInfo - [ListenerServiceFailJob] Synchronization of 0 accounts is enabled.
2024-05-25 09:09:58,422 [.NET ThreadPool Worker] DEBUG  ProcessAccountsWarning - GetAllSynchronizableMailboxes ended
2024-05-25 09:09:58,422 [.NET ThreadPool Worker] INFO  LogInfo - [ListenerServiceFailJob] ended.
2024-05-25 09:10:11,732 [1] INFO  Info - FetchEmailsJob task was added to scheduler job group FetchEmails.
2024-05-25 09:10:35,312 [.NET ThreadPool Worker] INFO  Execute - FetchEmailsJob started.
2024-05-25 09:10:35,331 [.NET ThreadPool Worker] INFO  CanUseEmailSyncQueue - Feature UseEmailSyncQueue disabled, emails tasks DB storage skipped.
2024-05-25 09:10:35,331 [.NET ThreadPool Worker] INFO  Execute - FetchEmailsJob ended.
2024-05-25 09:10:59,293 [.NET ThreadPool Worker] INFO  LogInfo - [ListenerServiceFailJob] started.
2024-05-25 09:10:59,295 [.NET ThreadPool Worker] DEBUG  RunJobExecutor - [ListenerServiceFailJob] dependencies initiated.
2024-05-25 09:10:59,295 [.NET ThreadPool Worker] DEBUG  Execute - GetMailboxesWithoutSubscriptions method started
2024-05-25 09:10:59,295 [.NET ThreadPool Worker] DEBUG  GetAccountsWithoutSync - GetAllSynchronizableMailboxes ended
2024-05-25 09:10:59,295 [.NET ThreadPool Worker] INFO  LogInfo - GetMailboxesWithoutSubscriptions: selected 0 mailboxes
2024-05-25 09:10:59,295 [.NET ThreadPool Worker] DEBUG  Execute - GetMailboxesWithoutSubscriptions method ended
2024-05-25 09:10:59,295 [.NET ThreadPool Worker] INFO  LogInfo - [ListenerServiceFailJob] 0 accounts received for enabling synchronization.
2024-05-25 09:10:59,295 [.NET ThreadPool Worker] DEBUG  Execute - StartFailoverHandlers started
2024-05-25 09:10:59,321 [.NET ThreadPool Worker] DEBUG  Execute - All jobs from ExchangeListenerHandler job group deleted.
2024-05-25 09:10:59,321 [.NET ThreadPool Worker] DEBUG  Execute - StartFailoverHandlers ended
2024-05-25 09:10:59,321 [.NET ThreadPool Worker] INFO  LogInfo - [ListenerServiceFailJob] Synchronization of 0 accounts is enabled.
2024-05-25 09:10:59,379 [.NET ThreadPool Worker] DEBUG  ProcessAccountsWarning - GetAllSynchronizableMailboxes ended
2024-05-25 09:10:59,379 [.NET ThreadPool Worker] INFO  LogInfo - [ListenerServiceFailJob] ended.
2024-05-25 09:11:59,816 [.NET ThreadPool Worker] INFO  LogInfo - [ListenerServiceFailJob] started.
2024-05-25 09:11:59,816 [.NET ThreadPool Worker] DEBUG  RunJobExecutor - [ListenerServiceFailJob] dependencies initiated.
2024-05-25 09:11:59,816 [.NET ThreadPool Worker] DEBUG  Execute - GetMailboxesWithoutSubscriptions method started
2024-05-25 09:11:59,832 [.NET ThreadPool Worker] DEBUG  GetAccountsWithoutSync - GetAllSynchronizableMailboxes ended
2024-05-25 09:11:59,832 [.NET ThreadPool Worker] INFO  LogInfo - GetMailboxesWithoutSubscriptions: selected 0 mailboxes
2024-05-25 09:11:59,832 [.NET ThreadPool Worker] DEBUG  Execute - GetMailboxesWithoutSubscriptions method ended
2024-05-25 09:11:59,832 [.NET ThreadPool Worker] INFO  LogInfo - [ListenerServiceFailJob] 0 accounts received for enabling synchronization.
2024-05-25 09:11:59,832 [.NET ThreadPool Worker] DEBUG  Execute - StartFailoverHandlers started
2024-05-25 09:11:59,832 [.NET ThreadPool Worker] DEBUG  Execute - All jobs from ExchangeListenerHandler job group deleted.
2024-05-25 09:11:59,832 [.NET ThreadPool Worker] DEBUG  Execute - StartFailoverHandlers ended
2024-05-25 09:11:59,832 [.NET ThreadPool Worker] INFO  Execute - [ListenerServiceFailJob] Synchronization of 0 accounts is enabled.
2024-05-25 09:11:59,853 [.NET ThreadPool Worker] DEBUG  ProcessAccountsWarning - GetAllSynchronizableMailboxes ended
2024-05-25 09:11:59,853 [.NET ThreadPool Worker] INFO  Execute - [ListenerServiceFailJob] ended.
2024-05-25 09:12:58,404 [.NET ThreadPool Worker] INFO  RunJobExecutor - [ListenerServiceFailJob] started.
2024-05-25 09:12:58,406 [.NET ThreadPool Worker] DEBUG  RunJobExecutor - [ListenerServiceFailJob] dependencies initiated.
2024-05-25 09:12:58,406 [.NET ThreadPool Worker] DEBUG  Execute - GetMailboxesWithoutSubscriptions method started
2024-05-25 09:12:58,406 [.NET ThreadPool Worker] DEBUG  GetAccountsWithoutSync - GetAllSynchronizableMailboxes ended
2024-05-25 09:12:58,406 [.NET ThreadPool Worker] INFO  Execute - GetMailboxesWithoutSubscriptions: selected 0 mailboxes
2024-05-25 09:12:58,406 [.NET ThreadPool Worker] DEBUG  Execute - GetMailboxesWithoutSubscriptions method ended
2024-05-25 09:12:58,406 [.NET ThreadPool Worker] INFO  RunJobExecutor - [ListenerServiceFailJob] 0 accounts received for enabling synchronization.
2024-05-25 09:12:58,406 [.NET ThreadPool Worker] DEBUG  Execute - StartFailoverHandlers started
2024-05-25 09:12:58,421 [.NET ThreadPool Worker] DEBUG  Execute - All jobs from ExchangeListenerHandler job group deleted.
2024-05-25 09:12:58,421 [.NET ThreadPool Worker] DEBUG  Execute - StartFailoverHandlers ended
2024-05-25 09:12:58,421 [.NET ThreadPool Worker] INFO  RunJobExecutor - [ListenerServiceFailJob] Synchronization of 0 accounts is enabled.
2024-05-25 09:12:58,421 [.NET ThreadPool Worker] DEBUG  ProcessAccountsWarning - GetAllSynchronizableMailboxes ended
2024-05-25 09:12:58,421 [.NET ThreadPool Worker] INFO  RunJobExecutor - [ListenerServiceFailJob] ended.
2024-05-25 09:13:58,407 [.NET ThreadPool Worker] INFO  RunJobExecutor - [ListenerServiceFailJob] started.
2024-05-25 09:13:58,407 [.NET ThreadPool Worker] DEBUG  RunJobExecutor - [ListenerServiceFailJob] dependencies initiated.
2024-05-25 09:13:58,407 [.NET ThreadPool Worker] DEBUG  Execute - GetMailboxesWithoutSubscriptions method started
2024-05-25 09:13:58,421 [.NET ThreadPool Worker] DEBUG  GetAccountsWithoutSync - GetAllSynchronizableMailboxes ended
2024-05-25 09:13:58,421 [.NET ThreadPool Worker] INFO  Execute - GetMailboxesWithoutSubscriptions: selected 0 mailboxes
2024-05-25 09:13:58,421 [.NET ThreadPool Worker] DEBUG  Execute - GetMailboxesWithoutSubscriptions method ended
2024-05-25 09:13:58,421 [.NET ThreadPool Worker] INFO  RunJobExecutor - [ListenerServiceFailJob] 0 accounts received for enabling synchronization.
2024-05-25 09:13:58,421 [.NET ThreadPool Worker] DEBUG  Execute - StartFailoverHandlers started
2024-05-25 09:13:58,421 [.NET ThreadPool Worker] DEBUG  Execute - All jobs from ExchangeListenerHandler job group deleted.
2024-05-25 09:13:58,421 [.NET ThreadPool Worker] DEBUG  Execute - StartFailoverHandlers ended
2024-05-25 09:13:58,421 [.NET ThreadPool Worker] INFO  RunJobExecutor - [ListenerServiceFailJob] Synchronization of 0 accounts is enabled.
2024-05-25 09:13:58,436 [.NET ThreadPool Worker] DEBUG  ProcessAccountsWarning - GetAllSynchronizableMailboxes ended
2024-05-25 09:13:58,436 [.NET ThreadPool Worker] INFO  RunJobExecutor - [ListenerServiceFailJob] ended.
2024-05-25 09:14:37,351 [1] INFO  Info - FetchEmailsJob task was added to scheduler job group FetchEmails.
2024-05-25 09:14:45,523 [.NET ThreadPool Worker] INFO  RunJobExecutor - FetchEmailsJob started.
2024-05-25 09:14:45,523 [.NET ThreadPool Worker] INFO  GetAllEmailSyncQueueItems - Feature UseEmailSyncQueue disabled, emails tasks DB storage skipped.
2024-05-25 09:14:45,523 [.NET ThreadPool Worker] INFO  RunJobExecutor - FetchEmailsJob ended.
2024-05-25 09:14:58,407 [.NET ThreadPool Worker] INFO  RunJobExecutor - [ListenerServiceFailJob] started.
2024-05-25 09:14:58,407 [.NET ThreadPool Worker] DEBUG  RunJobExecutor - [ListenerServiceFailJob] dependencies initiated.
2024-05-25 09:14:58,407 [.NET ThreadPool Worker] DEBUG  Execute - GetMailboxesWithoutSubscriptions method started
2024-05-25 09:14:58,407 [.NET ThreadPool Worker] DEBUG  GetAccountsWithoutSync - GetAllSynchronizableMailboxes ended
2024-05-25 09:14:58,407 [.NET ThreadPool Worker] INFO  Execute - GetMailboxesWithoutSubscriptions: selected 0 mailboxes
2024-05-25 09:14:58,407 [.NET ThreadPool Worker] DEBUG  Execute - GetMailboxesWithoutSubscriptions method ended
2024-05-25 09:14:58,407 [.NET ThreadPool Worker] INFO  RunJobExecutor - [ListenerServiceFailJob] 0 accounts received for enabling synchronization.
2024-05-25 09:14:58,407 [.NET ThreadPool Worker] DEBUG  Execute - StartFailoverHandlers started
2024-05-25 09:14:58,422 [.NET ThreadPool Worker] DEBUG  Execute - All jobs from ExchangeListenerHandler job group deleted.
2024-05-25 09:14:58,422 [.NET ThreadPool Worker] DEBUG  Execute - StartFailoverHandlers ended
2024-05-25 09:14:58,422 [.NET ThreadPool Worker] INFO  RunJobExecutor - [ListenerServiceFailJob] Synchronization of 0 accounts is enabled.
2024-05-25 09:14:58,422 [.NET ThreadPool Worker] DEBUG  ProcessAccountsWarning - GetAllSynchronizableMailboxes ended
2024-05-25 09:14:58,422 [.NET ThreadPool Worker] INFO  RunJobExecutor - [ListenerServiceFailJob] ended.
2024-05-25 09:15:58,406 [.NET ThreadPool Worker] INFO  RunJobExecutor - [ListenerServiceFailJob] started.
2024-05-25 09:15:58,406 [.NET ThreadPool Worker] DEBUG  RunJobExecutor - [ListenerServiceFailJob] dependencies initiated.
2024-05-25 09:15:58,406 [.NET ThreadPool Worker] DEBUG  Execute - GetMailboxesWithoutSubscriptions method started
2024-05-25 09:15:58,423 [.NET ThreadPool Worker] DEBUG  GetAccountsWithoutSync - GetAllSynchronizableMailboxes ended
2024-05-25 09:15:58,423 [.NET ThreadPool Worker] INFO  Execute - GetMailboxesWithoutSubscriptions: selected 0 mailboxes
2024-05-25 09:15:58,423 [.NET ThreadPool Worker] DEBUG  Execute - GetMailboxesWithoutSubscriptions method ended
2024-05-25 09:15:58,423 [.NET ThreadPool Worker] INFO  RunJobExecutor - [ListenerServiceFailJob] 0 accounts received for enabling synchronization.
2024-05-25 09:15:58,423 [.NET ThreadPool Worker] DEBUG  Execute - StartFailoverHandlers started
2024-05-25 09:15:58,423 [.NET ThreadPool Worker] DEBUG  Execute - All jobs from ExchangeListenerHandler job group deleted.
2024-05-25 09:15:58,423 [.NET ThreadPool Worker] DEBUG  Execute - StartFailoverHandlers ended
2024-05-25 09:15:58,423 [.NET ThreadPool Worker] INFO  RunJobExecutor - [ListenerServiceFailJob] Synchronization of 0 accounts is enabled.
2024-05-25 09:15:58,438 [.NET ThreadPool Worker] DEBUG  ProcessAccountsWarning - GetAllSynchronizableMailboxes ended
2024-05-25 09:15:58,438 [.NET ThreadPool Worker] INFO  RunJobExecutor - [ListenerServiceFailJob] ended.
2024-05-25 09:16:58,408 [.NET ThreadPool Worker] INFO  RunJobExecutor - [ListenerServiceFailJob] started.
2024-05-25 09:16:58,408 [.NET ThreadPool Worker] DEBUG  RunJobExecutor - [ListenerServiceFailJob] dependencies initiated.
2024-05-25 09:16:58,408 [.NET ThreadPool Worker] DEBUG  Execute - GetMailboxesWithoutSubscriptions method started
2024-05-25 09:16:58,420 [.NET ThreadPool Worker] DEBUG  GetAccountsWithoutSync - GetAllSynchronizableMailboxes ended
2024-05-25 09:16:58,420 [.NET ThreadPool Worker] INFO  Execute - GetMailboxesWithoutSubscriptions: selected 0 mailboxes
2024-05-25 09:16:58,420 [.NET ThreadPool Worker] DEBUG  Execute - GetMailboxesWithoutSubscriptions method ended
2024-05-25 09:16:58,420 [.NET ThreadPool Worker] INFO  RunJobExecutor - [ListenerServiceFailJob] 0 accounts received for enabling synchronization.
2024-05-25 09:16:58,420 [.NET ThreadPool Worker] DEBUG  Execute - StartFailoverHandlers started
2024-05-25 09:16:58,420 [.NET ThreadPool Worker] DEBUG  Execute - All jobs from ExchangeListenerHandler job group deleted.
2024-05-25 09:16:58,420 [.NET ThreadPool Worker] DEBUG  Execute - StartFailoverHandlers ended
2024-05-25 09:16:58,420 [.NET ThreadPool Worker] INFO  RunJobExecutor - [ListenerServiceFailJob] Synchronization of 0 accounts is enabled.
2024-05-25 09:16:58,420 [.NET ThreadPool Worker] DEBUG  ProcessAccountsWarning - GetAllSynchronizableMailboxes ended
2024-05-25 09:16:58,420 [.NET ThreadPool Worker] INFO  RunJobExecutor - [ListenerServiceFailJob] ended.
2024-05-25 09:17:58,407 [.NET ThreadPool Worker] INFO  LogInfo - [ListenerServiceFailJob] started.
2024-05-25 09:17:58,407 [.NET ThreadPool Worker] DEBUG  DebugFormat - [ListenerServiceFailJob] dependencies initiated.
2024-05-25 09:17:58,407 [.NET ThreadPool Worker] DEBUG  DebugFormat - GetMailboxesWithoutSubscriptions method started
2024-05-25 09:17:58,446 [.NET ThreadPool Worker] DEBUG  DebugFormat - GetAllSynchronizableMailboxes ended
2024-05-25 09:17:58,446 [.NET ThreadPool Worker] INFO  LogInfo - GetMailboxesWithoutSubscriptions: selected 0 mailboxes
2024-05-25 09:17:58,446 [.NET ThreadPool Worker] DEBUG  DebugFormat - GetMailboxesWithoutSubscriptions method ended
2024-05-25 09:17:58,446 [.NET ThreadPool Worker] INFO  LogInfo - [ListenerServiceFailJob] 0 accounts received for enabling synchronization.
2024-05-25 09:17:58,446 [.NET ThreadPool Worker] DEBUG  DebugFormat - StartFailoverHandlers started
2024-05-25 09:17:58,446 [.NET ThreadPool Worker] DEBUG  DebugFormat - All jobs from ExchangeListenerHandler job group deleted.
2024-05-25 09:17:58,446 [.NET ThreadPool Worker] DEBUG  DebugFormat - StartFailoverHandlers ended
2024-05-25 09:17:58,446 [.NET ThreadPool Worker] INFO  LogInfo - [ListenerServiceFailJob] Synchronization of 0 accounts is enabled.
2024-05-25 09:17:58,463 [.NET ThreadPool Worker] DEBUG  DebugFormat - GetAllSynchronizableMailboxes ended
2024-05-25 09:17:58,463 [.NET ThreadPool Worker] INFO  LogInfo - [ListenerServiceFailJob] ended.
2024-05-25 09:18:58,403 [.NET ThreadPool Worker] INFO  RunJobExecutor - [ListenerServiceFailJob] started.
2024-05-25 09:18:58,403 [.NET ThreadPool Worker] DEBUG  RunJobExecutor - [ListenerServiceFailJob] dependencies initiated.
2024-05-25 09:18:58,403 [.NET ThreadPool Worker] DEBUG  Execute - GetMailboxesWithoutSubscriptions method started
2024-05-25 09:18:58,418 [.NET ThreadPool Worker] DEBUG  GetAccountsWithoutSync - GetAllSynchronizableMailboxes ended
2024-05-25 09:18:58,418 [.NET ThreadPool Worker] INFO  Execute - GetMailboxesWithoutSubscriptions: selected 0 mailboxes
2024-05-25 09:18:58,418 [.NET ThreadPool Worker] DEBUG  Execute - GetMailboxesWithoutSubscriptions method ended
2024-05-25 09:18:58,418 [.NET ThreadPool Worker] INFO  RunJobExecutor - [ListenerServiceFailJob] 0 accounts received for enabling synchronization.
2024-05-25 09:18:58,418 [.NET ThreadPool Worker] DEBUG  Execute - StartFailoverHandlers started
2024-05-25 09:18:58,421 [.NET ThreadPool Worker] DEBUG  Execute - All jobs from ExchangeListenerHandler job group deleted.
2024-05-25 09:18:58,421 [.NET ThreadPool Worker] DEBUG  Execute - StartFailoverHandlers ended
2024-05-25 09:18:58,421 [.NET ThreadPool Worker] INFO  RunJobExecutor - [ListenerServiceFailJob] Synchronization of 0 accounts is enabled.
2024-05-25 09:18:58,421 [.NET ThreadPool Worker] DEBUG  ProcessAccountsWarning - GetAllSynchronizableMailboxes ended
2024-05-25 09:18:58,421 [.NET ThreadPool Worker] INFO  RunJobExecutor - [ListenerServiceFailJob] ended.
